#
# A fatal error has been detected by the Java Runtime Environment:
#
#  SIGSEGV (0xb) at pc=0x00000001124e875b, pid=1020, tid=0x0000000000003403
#
# JRE version: Java(TM) SE Runtime Environment (8.0_131-b11) (build 1.8.0_131-b11)
# Java VM: Java HotSpot(TM) 64-Bit Server VM (25.131-b11 mixed mode bsd-amd64 compressed oops)
# Problematic frame:
# C  [libswt-cocoa-4629.jnilib+0x275b]  callback+0x31b
#
# Failed to write core dump. Core dumps have been disabled. To enable core dumping, try "ulimit -c unlimited" before starting Java again
#
# If you would like to submit a bug report, please visit:
#   http://bugreport.java.com/bugreport/crash.jsp
#

---------------  T H R E A D  ---------------

Current thread (0x00007fd8a6858800):  VMThread [stack: 0x0000700004afb000,0x0000700004bfb000] [id=13315]

siginfo: si_signo: 11 (SIGSEGV), si_code: 1 (SEGV_MAPERR), si_addr: 0x0000000000000078

Registers:
RAX=0x0000000000000000, RBX=0x00007fff895e6360, RCX=0x000000010572452f, RDX=0x0000000000000001
RSP=0x0000700004bfa690, RBP=0x0000700004bfa8e0, RSI=0x0000000000000000, RDI=0x0000000000000000
R8 =0x0000000000000002, R9 =0x0f7fae5c86f700a3, R10=0x00007fd8a480d820, R11=0x00007fd8a41f1260
R12=0x00007fff5624ee80, R13=0x00007fd8a94802d0, R14=0x0000000000000000, R15=0x0000000000000000
RIP=0x00000001124e875b, EFLAGS=0x0000000000010202, ERR=0x0000000000000004
  TRAPNO=0x000000000000000e

Top of Stack: (sp=0x0000700004bfa690)
0x0000700004bfa690:   ff80000000001003 00007fff56ffffff
0x0000700004bfa6a0:   000000000000000c 000000010439d080
0x0000700004bfa6b0:   0000000000000003 00000001043a1800
0x0000700004bfa6c0:   0000000000001e00 00007fff56ff2384
0x0000700004bfa6d0:   000000000000000c 000000010439d080
0x0000700004bfa6e0:   0000000000000002 00000000043a1800
0x0000700004bfa6f0:   000000010572452f fffffffea490ab1c
0x0000700004bfa700:   00007fd8a3532930 00007fff2dafb1a3
0x0000700004bfa710:   00250f0000000000 00007fd8a3501470
0x0000700004bfa720:   0000000000000040 0000000089c7d3d4
0x0000700004bfa730:   0000000000000000 0000000000000000
0x0000700004bfa740:   6a50a0416a50a041 10000a8b10008a8b
0x0000700004bfa750:   00007fd8a3606490 00007fd8a3487bd0
0x0000700004bfa760:   00007fd8a3606820 00007fd8a3606970
0x0000700004bfa770:   00007fd8a3606a70 00007fd8a3606c60
0x0000700004bfa780:   00007fd8a3606820 00007fd8a3606970
0x0000700004bfa790:   00007fd8a3606a70 00007fd8a3606c60
0x0000700004bfa7a0:   00007fd8a3606d80 00007fd8a3488e20
0x0000700004bfa7b0:   0000700004bfa888 00007fd8a3532930
0x0000700004bfa7c0:   00007fff2dafb1a3 00250f0000000000
0x0000700004bfa7d0:   00007fd8a3501470 0000000000000040
0x0000700004bfa7e0:   0000000000000018 00007fd8a4904f20
0x0000700004bfa7f0:   00007fd8a3501450 00007fff89b7d178
0x0000700004bfa800:   0000700004bfa820 00007fff56ff050b
0x0000700004bfa810:   0000000000000000 00007fd8a4904f20
0x0000700004bfa820:   0000700004bfa870 00007fff2f836450
0x0000700004bfa830:   0000700004bfb000 0000000000000000
0x0000700004bfa840:   0000700004bfa870 00250f0000250f00
0x0000700004bfa850:   00007fd8a3501440 00000000c2000000
0x0000700004bfa860:   00007fff901c1060 0000700004bfa8b0
0x0000700004bfa870:   0000700004bfa900 000000002ced86ff
0x0000700004bfa880:   0000000000000000 0000000000000000 

Instructions: (pc=0x00000001124e875b)
0x00000001124e873b:   00 e9 00 00 00 00 48 81 7d c8 00 00 00 00 0f 85
0x00000001124e874b:   05 00 00 00 e9 34 03 00 00 48 8b 45 c8 48 8b 00
0x00000001124e875b:   48 8b 40 78 48 8b 7d c8 ff d0 48 89 45 a0 48 3d
0x00000001124e876b:   00 00 00 00 0f 84 1d 00 00 00 48 8b 45 c8 48 8b 

Register to memory mapping:

RAX=0x0000000000000000 is an unknown value
RBX=0x00007fff895e6360: OBJC_IVAR_$_NSWindowAuxiliary._auxWFlags+0 in /System/Library/Frameworks/AppKit.framework/Versions/C/AppKit at 0x00007fff2ce18000
RCX=0x000000010572452f: jni_AttachCurrentThreadAsDaemon+0 in /Library/Java/JavaVirtualMachines/jdk1.8.0_131.jdk/Contents/Home/jre/lib/server/libjvm.dylib at 0x0000000105400000
RDX=0x0000000000000001 is an unknown value
RSP=0x0000700004bfa690 is an unknown value
RBP=0x0000700004bfa8e0 is an unknown value
RSI=0x0000000000000000 is an unknown value
RDI=0x0000000000000000 is an unknown value
R8 =0x0000000000000002 is an unknown value
R9 =0x0f7fae5c86f700a3 is an unknown value
R10=0x00007fd8a480d820 is an unknown value
R11=0x00007fd8a41f1260 is an unknown value
R12=0x00007fff5624ee80: objc_msgSend+0 in /usr/lib/libobjc.A.dylib at 0x00007fff56248000
R13=0x00007fd8a94802d0 is an unknown value
R14=0x0000000000000000 is an unknown value
R15=0x0000000000000000 is an unknown value


Stack: [0x0000700004afb000,0x0000700004bfb000],  sp=0x0000700004bfa690,  free space=1021k
Native frames: (J=compiled Java code, j=interpreted, Vv=VM code, C=native code)
C  [libswt-cocoa-4629.jnilib+0x275b]  callback+0x31b
C  [libswt-cocoa-4629.jnilib+0x52d3]  fn0_2+0x23
C  [AppKit+0x16e28a]  -[NSWindow orderWindow:relativeTo:]+0x88
C  [AppKit+0x91276e]  -[NSWindow _finishClosingWindow]+0x1df
C  [AppKit+0x2b3a24]  -[NSWindow _close]+0x17a
C  [FinderKit+0xb9a7f]  -[FI_TFloatingInputWindowController dealloc]+0x3b
C  [libobjc.A.dylib+0xec6a]  objc_object::sidetable_release(bool)+0x10a
C  [AppKit+0x50bc8]  -[NSWindowController release]+0x9a
C  [FinderKit+0xb9764]  TNSRef<FI_TFloatingInputWindowController*, void>::~TNSRef()+0x14
C  [libsystem_c.dylib+0x5e069]  __cxa_finalize_ranges+0x15f
C  [libsystem_c.dylib+0x5e37a]  exit+0x37
V  [libjvm.dylib+0x2ecd1a]  vm_exit(int)+0x0
V  [libjvm.dylib+0x5b9235]  VM_Operation::evaluate()+0x4f
V  [libjvm.dylib+0x5b78a1]  VMThread::evaluate_operation(VM_Operation*)+0xdf
V  [libjvm.dylib+0x5b7cee]  VMThread::loop()+0x328
V  [libjvm.dylib+0x5b760d]  VMThread::run()+0x79
V  [libjvm.dylib+0x48b376]  java_start(Thread*)+0xf6
C  [libsystem_pthread.dylib+0x36c1]  _pthread_body+0x154
C  [libsystem_pthread.dylib+0x356d]  _pthread_body+0x0
C  [libsystem_pthread.dylib+0x2c5d]  thread_start+0xd

VM_Operation (0x000070000569b658): Exit, mode: safepoint, requested by thread 0x00007fd8a5110000


---------------  P R O C E S S  ---------------

Java Threads: ( => current thread )
  0x00007fd8a5110000 JavaThread "SIGTERM handler" daemon [_thread_blocked, id=79143, stack(0x000070000559c000,0x000070000569c000)]
  0x00007fd8a3853000 JavaThread "Service Thread" daemon [_thread_blocked, id=20227, stack(0x0000700005313000,0x0000700005413000)]
  0x00007fd8a3832800 JavaThread "C1 CompilerThread3" daemon [_thread_blocked, id=19715, stack(0x0000700005210000,0x0000700005310000)]
  0x00007fd8a3831800 JavaThread "C2 CompilerThread2" daemon [_thread_blocked, id=19203, stack(0x000070000510d000,0x000070000520d000)]
  0x00007fd8a3831000 JavaThread "C2 CompilerThread1" daemon [_thread_blocked, id=18691, stack(0x000070000500a000,0x000070000510a000)]
  0x00007fd8a3817800 JavaThread "C2 CompilerThread0" daemon [_thread_blocked, id=18179, stack(0x0000700004f07000,0x0000700005007000)]
  0x00007fd8a4009000 JavaThread "Signal Dispatcher" daemon [_thread_blocked, id=17671, stack(0x0000700004e04000,0x0000700004f04000)]
  0x00007fd8a380b800 JavaThread "Finalizer" daemon [_thread_blocked, id=14339, stack(0x0000700004d01000,0x0000700004e01000)]
  0x00007fd8a3808800 JavaThread "Reference Handler" daemon [_thread_blocked, id=13827, stack(0x0000700004bfe000,0x0000700004cfe000)]
  0x00007fd8a5006800 JavaThread "main" [_thread_blocked, id=775, stack(0x00007ffeeb080000,0x00007ffeeb880000)]

Other Threads:
=>0x00007fd8a6858800 VMThread [stack: 0x0000700004afb000,0x0000700004bfb000] [id=13315]

VM state:at safepoint (shutting down)

VM Mutex/Monitor currently owned by a thread:  ([mutex/lock_event])
[0x00007fd8a480f500] Threads_lock - owner thread: 0x00007fd8a6858800

Heap:
 PSYoungGen      total 76288K, used 16750K [0x000000076ab00000, 0x0000000770000000, 0x00000007c0000000)
  eden space 65536K, 25% used [0x000000076ab00000,0x000000076bb5bb60,0x000000076eb00000)
  from space 10752K, 0% used [0x000000076f580000,0x000000076f580000,0x0000000770000000)
  to   space 10752K, 0% used [0x000000076eb00000,0x000000076eb00000,0x000000076f580000)
 ParOldGen       total 175104K, used 0K [0x00000006c0000000, 0x00000006cab00000, 0x000000076ab00000)
  object space 175104K, 0% used [0x00000006c0000000,0x00000006c0000000,0x00000006cab00000)
 Metaspace       used 6631K, capacity 7362K, committed 7552K, reserved 1056768K
  class space    used 761K, capacity 814K, committed 896K, reserved 1048576K

Card table byte_map: [0x00000001067d8000,0x0000000106fd9000] byte_map_base: 0x00000001031d8000

Marking Bits: (ParMarkBitMap*) 0x0000000105cf1ea0
 Begin Bits: [0x000000010752f000, 0x000000010b52f000)
 End Bits:   [0x000000010b52f000, 0x000000010f52f000)

Polling page: 0x00000001043cf000

CodeCache: size=245760Kb used=2208Kb max_used=2208Kb free=243551Kb
 bounds [0x0000000113303000, 0x0000000113573000, 0x0000000122303000]
 total_blobs=773 nmethods=369 adapters=318
 compilation: enabled

Compilation events (10 events):
Event: 6.113 Thread 0x00007fd8a3832800  368       3       org.eclipse.swt.widgets.Display::observerProc (41 bytes)
Event: 6.114 Thread 0x00007fd8a3832800 nmethod 368 0x0000000113526390 code [0x0000000113526580, 0x0000000113526de8]
Event: 6.905 Thread 0x00007fd8a3832800  369   !   3       org.eclipse.swt.widgets.Synchronizer::removeFirst (90 bytes)
Event: 6.906 Thread 0x00007fd8a3832800 nmethod 369 0x0000000113527250 code [0x00000001135273e0, 0x0000000113527a48]
Event: 10.323 Thread 0x00007fd8a3832800  370       3       org.eclipse.swt.widgets.Composite::isOpaque (66 bytes)
Event: 10.324 Thread 0x00007fd8a3832800 nmethod 370 0x0000000113527d90 code [0x0000000113527f40, 0x00000001135283a8]
Event: 10.326 Thread 0x00007fd8a3832800  371       3       org.eclipse.swt.widgets.Control::setClipRegion (112 bytes)
Event: 10.327 Thread 0x00007fd8a3832800 nmethod 371 0x0000000113528550 code [0x0000000113528800, 0x0000000113529688]
Event: 57.412 Thread 0x00007fd8a3832800  372   !   3       org.eclipse.swt.widgets.Synchronizer::runAsyncMessages (188 bytes)
Event: 57.413 Thread 0x00007fd8a3832800 nmethod 372 0x0000000113529e10 code [0x000000011352a0c0, 0x000000011352b4b8]

GC Heap History (0 events):
No events

Deoptimization events (1 events):
Event: 0.434 Thread 0x00007fd8a5006800 Uncommon trap: reason=unstable_if action=reinterpret pc=0x000000011344ff90 method=java.lang.String.indexOf([CII[CIII)I @ 134

Internal exceptions (6 events):
Event: 0.029 Thread 0x00007fd8a5006800 Exception <a 'java/lang/NoSuchMethodError': Method sun.misc.Unsafe.defineClass(Ljava/lang/String;[BII)Ljava/lang/Class; name or signature does not match> (0x000000076ab07ca8) thrown at [/Users/java_re/workspace/8-2-build-macosx-x86_64/jdk8u131/8869/hotspo
Event: 0.029 Thread 0x00007fd8a5006800 Exception <a 'java/lang/NoSuchMethodError': Method sun.misc.Unsafe.prefetchRead(Ljava/lang/Object;J)V name or signature does not match> (0x000000076ab07f90) thrown at [/Users/java_re/workspace/8-2-build-macosx-x86_64/jdk8u131/8869/hotspot/src/share/vm/pri
Event: 0.548 Thread 0x00007fd8a5006800 Exception <a 'java/security/PrivilegedActionException'> (0x000000076b257220) thrown at [/Users/java_re/workspace/8-2-build-macosx-x86_64/jdk8u131/8869/hotspot/src/share/vm/prims/jvm.cpp, line 1390]
Event: 0.548 Thread 0x00007fd8a5006800 Exception <a 'java/security/PrivilegedActionException'> (0x000000076b257430) thrown at [/Users/java_re/workspace/8-2-build-macosx-x86_64/jdk8u131/8869/hotspot/src/share/vm/prims/jvm.cpp, line 1390]
Event: 0.548 Thread 0x00007fd8a5006800 Exception <a 'java/security/PrivilegedActionException'> (0x000000076b25a760) thrown at [/Users/java_re/workspace/8-2-build-macosx-x86_64/jdk8u131/8869/hotspot/src/share/vm/prims/jvm.cpp, line 1390]
Event: 0.548 Thread 0x00007fd8a5006800 Exception <a 'java/security/PrivilegedActionException'> (0x000000076b25a970) thrown at [/Users/java_re/workspace/8-2-build-macosx-x86_64/jdk8u131/8869/hotspot/src/share/vm/prims/jvm.cpp, line 1390]

Events (10 events):
Event: 64.919 Thread 0x00007fd8a5110000 Thread added: 0x00007fd8a5110000
Event: 64.920 loading class java/util/IdentityHashMap$KeySet
Event: 64.920 loading class java/util/IdentityHashMap$KeySet done
Event: 64.920 loading class java/util/IdentityHashMap$KeyIterator
Event: 64.920 loading class java/util/IdentityHashMap$IdentityHashMapIterator
Event: 64.920 loading class java/util/IdentityHashMap$IdentityHashMapIterator done
Event: 64.920 loading class java/util/IdentityHashMap$KeyIterator done
Event: 64.920 Thread 0x00007fd8a5267800 Thread added: 0x00007fd8a5267800
Event: 64.920 Thread 0x00007fd8a5267800 Thread exited: 0x00007fd8a5267800
Event: 64.920 Executing VM operation: Exit


Dynamic libraries:
0x0000000007f1a000 	/System/Library/Frameworks/Cocoa.framework/Versions/A/Cocoa
0x0000000007f1a000 	/System/Library/Frameworks/Security.framework/Versions/A/Security
0x0000000007f1a000 	/System/Library/Frameworks/ApplicationServices.framework/Versions/A/ApplicationServices
0x0000000007f1a000 	/usr/lib/libz.1.dylib
0x0000000007f1a000 	/usr/lib/libSystem.B.dylib
0x0000000007f1a000 	/usr/lib/libobjc.A.dylib
0x0000000007f1a000 	/System/Library/Frameworks/CoreFoundation.framework/Versions/A/CoreFoundation
0x0000000007f1a000 	/System/Library/Frameworks/Foundation.framework/Versions/C/Foundation
0x0000000007f1a000 	/System/Library/Frameworks/AppKit.framework/Versions/C/AppKit
0x0000000007f1a000 	/System/Library/Frameworks/CoreData.framework/Versions/A/CoreData
0x0000000007f1a000 	/System/Library/PrivateFrameworks/RemoteViewServices.framework/Versions/A/RemoteViewServices
0x0000000007f1a000 	/System/Library/PrivateFrameworks/UIFoundation.framework/Versions/A/UIFoundation
0x0000000007f1a000 	/System/Library/PrivateFrameworks/DFRFoundation.framework/Versions/A/DFRFoundation
0x0000000007f1a000 	/System/Library/Frameworks/Metal.framework/Versions/A/Metal
0x0000000007f1a000 	/System/Library/PrivateFrameworks/DesktopServicesPriv.framework/Versions/A/DesktopServicesPriv
0x0000000007f1a000 	/usr/lib/libenergytrace.dylib
0x0000000007f1a000 	/System/Library/PrivateFrameworks/SkyLight.framework/Versions/A/SkyLight
0x0000000007f1a000 	/System/Library/Frameworks/CoreGraphics.framework/Versions/A/CoreGraphics
0x0000000007f1a000 	/usr/lib/libScreenReader.dylib
0x0000000007f1a000 	/System/Library/Frameworks/Accelerate.framework/Versions/A/Accelerate
0x0000000007f1a000 	/System/Library/Frameworks/IOSurface.framework/Versions/A/IOSurface
0x0000000007f1a000 	/System/Library/Frameworks/AudioToolbox.framework/Versions/A/AudioToolbox
0x0000000007f1a000 	/System/Library/Frameworks/AudioUnit.framework/Versions/A/AudioUnit
0x0000000007f1a000 	/System/Library/PrivateFrameworks/DataDetectorsCore.framework/Versions/A/DataDetectorsCore
0x0000000007f1a000 	/System/Library/Frameworks/Carbon.framework/Versions/A/Frameworks/HIToolbox.framework/Versions/A/HIToolbox
0x0000000007f1a000 	/usr/lib/libicucore.A.dylib
0x0000000007f1a000 	/System/Library/Frameworks/QuartzCore.framework/Versions/A/QuartzCore
0x0000000007f1a000 	/System/Library/Frameworks/Carbon.framework/Versions/A/Frameworks/SpeechRecognition.framework/Versions/A/SpeechRecognition
0x0000000007f1a000 	/usr/lib/libauto.dylib
0x0000000007f1a000 	/usr/lib/libxml2.2.dylib
0x0000000007f1a000 	/System/Library/PrivateFrameworks/CoreUI.framework/Versions/A/CoreUI
0x0000000007f1a000 	/System/Library/Frameworks/CoreAudio.framework/Versions/A/CoreAudio
0x0000000007f1a000 	/System/Library/Frameworks/DiskArbitration.framework/Versions/A/DiskArbitration
0x0000000007f1a000 	/usr/lib/liblangid.dylib
0x0000000007f1a000 	/System/Library/PrivateFrameworks/MultitouchSupport.framework/Versions/A/MultitouchSupport
0x0000000007f1a000 	/System/Library/Frameworks/IOKit.framework/Versions/A/IOKit
0x0000000007f1a000 	/usr/lib/libDiagnosticMessagesClient.dylib
0x0000000007f1a000 	/System/Library/Frameworks/CoreServices.framework/Versions/A/CoreServices
0x0000000007f1a000 	/System/Library/PrivateFrameworks/PerformanceAnalysis.framework/Versions/A/PerformanceAnalysis
0x0000000007f1a000 	/System/Library/Frameworks/OpenGL.framework/Versions/A/OpenGL
0x0000000007f1a000 	/System/Library/Frameworks/ColorSync.framework/Versions/A/ColorSync
0x0000000007f1a000 	/System/Library/Frameworks/CoreImage.framework/Versions/A/CoreImage
0x0000000007f1a000 	/System/Library/Frameworks/CoreText.framework/Versions/A/CoreText
0x0000000007f1a000 	/System/Library/Frameworks/ImageIO.framework/Versions/A/ImageIO
0x0000000007f1a000 	/System/Library/PrivateFrameworks/Backup.framework/Versions/A/Backup
0x0000000007f1a000 	/usr/lib/libarchive.2.dylib
0x0000000007f1a000 	/System/Library/Frameworks/CFNetwork.framework/Versions/A/CFNetwork
0x0000000007f1a000 	/System/Library/Frameworks/SystemConfiguration.framework/Versions/A/SystemConfiguration
0x0000000007f1a000 	/usr/lib/libCRFSuite.dylib
0x0000000007f1a000 	/usr/lib/libc++.1.dylib
0x0000000007f1a000 	/usr/lib/libc++abi.dylib
0x0000000007f1a000 	/usr/lib/system/libcache.dylib
0x0000000007f1a000 	/usr/lib/system/libcommonCrypto.dylib
0x0000000007f1a000 	/usr/lib/system/libcompiler_rt.dylib
0x0000000007f1a000 	/usr/lib/system/libcopyfile.dylib
0x0000000007f1a000 	/usr/lib/system/libcorecrypto.dylib
0x0000000007f1a000 	/usr/lib/system/libdispatch.dylib
0x0000000007f1a000 	/usr/lib/system/libdyld.dylib
0x0000000007f1a000 	/usr/lib/system/libkeymgr.dylib
0x0000000007f1a000 	/usr/lib/system/liblaunch.dylib
0x0000000007f1a000 	/usr/lib/system/libmacho.dylib
0x0000000007f1a000 	/usr/lib/system/libquarantine.dylib
0x0000000007f1a000 	/usr/lib/system/libremovefile.dylib
0x0000000007f1a000 	/usr/lib/system/libsystem_asl.dylib
0x0000000007f1a000 	/usr/lib/system/libsystem_blocks.dylib
0x0000000007f1a000 	/usr/lib/system/libsystem_c.dylib
0x0000000007f1a000 	/usr/lib/system/libsystem_configuration.dylib
0x0000000007f1a000 	/usr/lib/system/libsystem_coreservices.dylib
0x0000000007f1a000 	/usr/lib/system/libsystem_darwin.dylib
0x0000000007f1a000 	/usr/lib/system/libsystem_dnssd.dylib
0x0000000007f1a000 	/usr/lib/system/libsystem_info.dylib
0x0000000007f1a000 	/usr/lib/system/libsystem_m.dylib
0x0000000007f1a000 	/usr/lib/system/libsystem_malloc.dylib
0x0000000007f1a000 	/usr/lib/system/libsystem_network.dylib
0x0000000007f1a000 	/usr/lib/system/libsystem_networkextension.dylib
0x0000000007f1a000 	/usr/lib/system/libsystem_notify.dylib
0x0000000007f1a000 	/usr/lib/system/libsystem_sandbox.dylib
0x0000000007f1a000 	/usr/lib/system/libsystem_secinit.dylib
0x0000000007f1a000 	/usr/lib/system/libsystem_kernel.dylib
0x0000000007f1a000 	/usr/lib/system/libsystem_platform.dylib
0x0000000007f1a000 	/usr/lib/system/libsystem_pthread.dylib
0x0000000007f1a000 	/usr/lib/system/libsystem_symptoms.dylib
0x0000000007f1a000 	/usr/lib/system/libsystem_trace.dylib
0x0000000007f1a000 	/usr/lib/system/libunwind.dylib
0x0000000007f1a000 	/usr/lib/system/libxpc.dylib
0x0000000007f1a000 	/usr/lib/closure/libclosured.dylib
0x0000000007f1a000 	/usr/lib/libbsm.0.dylib
0x0000000007f1a000 	/usr/lib/system/libkxld.dylib
0x0000000007f1a000 	/usr/lib/libOpenScriptingUtil.dylib
0x0000000007f1a000 	/usr/lib/libcoretls.dylib
0x0000000007f1a000 	/usr/lib/libcoretls_cfhelpers.dylib
0x0000000007f1a000 	/usr/lib/libpam.2.dylib
0x0000000007f1a000 	/usr/lib/libsqlite3.dylib
0x0000000007f1a000 	/usr/lib/libxar.1.dylib
0x0000000007f1a000 	/usr/lib/libbz2.1.0.dylib
0x0000000007f1a000 	/usr/lib/liblzma.5.dylib
0x0000000007f1a000 	/usr/lib/libnetwork.dylib
0x0000000007f1a000 	/usr/lib/libapple_nghttp2.dylib
0x0000000007f1a000 	/usr/lib/libpcap.A.dylib
0x0000000007f1a000 	/usr/lib/libboringssl.dylib
0x0000000007f1a000 	/usr/lib/libusrtcp.dylib
0x0000000007f1a000 	/usr/lib/libapple_crypto.dylib
0x0000000007f1a000 	/System/Library/Frameworks/CoreServices.framework/Versions/A/Frameworks/FSEvents.framework/Versions/A/FSEvents
0x0000000007f1a000 	/System/Library/Frameworks/CoreServices.framework/Versions/A/Frameworks/CarbonCore.framework/Versions/A/CarbonCore
0x0000000007f1a000 	/System/Library/Frameworks/CoreServices.framework/Versions/A/Frameworks/Metadata.framework/Versions/A/Metadata
0x0000000007f1a000 	/System/Library/Frameworks/CoreServices.framework/Versions/A/Frameworks/OSServices.framework/Versions/A/OSServices
0x0000000007f1a000 	/System/Library/Frameworks/CoreServices.framework/Versions/A/Frameworks/SearchKit.framework/Versions/A/SearchKit
0x0000000007f1a000 	/System/Library/Frameworks/CoreServices.framework/Versions/A/Frameworks/AE.framework/Versions/A/AE
0x0000000007f1a000 	/System/Library/Frameworks/CoreServices.framework/Versions/A/Frameworks/LaunchServices.framework/Versions/A/LaunchServices
0x0000000007f1a000 	/System/Library/Frameworks/CoreServices.framework/Versions/A/Frameworks/DictionaryServices.framework/Versions/A/DictionaryServices
0x0000000007f1a000 	/System/Library/Frameworks/CoreServices.framework/Versions/A/Frameworks/SharedFileList.framework/Versions/A/SharedFileList
0x0000000007f1a000 	/System/Library/Frameworks/NetFS.framework/Versions/A/NetFS
0x0000000007f1a000 	/System/Library/PrivateFrameworks/NetAuth.framework/Versions/A/NetAuth
0x0000000007f1a000 	/System/Library/PrivateFrameworks/login.framework/Versions/A/Frameworks/loginsupport.framework/Versions/A/loginsupport
0x0000000007f1a000 	/System/Library/PrivateFrameworks/TCC.framework/Versions/A/TCC
0x0000000007f1a000 	/usr/lib/libmecabra.dylib
0x0000000007f1a000 	/System/Library/Frameworks/ApplicationServices.framework/Versions/A/Frameworks/ATS.framework/Versions/A/ATS
0x0000000007f1a000 	/System/Library/Frameworks/ApplicationServices.framework/Versions/A/Frameworks/ColorSyncLegacy.framework/Versions/A/ColorSyncLegacy
0x0000000007f1a000 	/System/Library/Frameworks/ApplicationServices.framework/Versions/A/Frameworks/HIServices.framework/Versions/A/HIServices
0x0000000007f1a000 	/System/Library/Frameworks/ApplicationServices.framework/Versions/A/Frameworks/LangAnalysis.framework/Versions/A/LangAnalysis
0x0000000007f1a000 	/System/Library/Frameworks/ApplicationServices.framework/Versions/A/Frameworks/PrintCore.framework/Versions/A/PrintCore
0x0000000007f1a000 	/System/Library/Frameworks/ApplicationServices.framework/Versions/A/Frameworks/QD.framework/Versions/A/QD
0x0000000007f1a000 	/System/Library/Frameworks/ApplicationServices.framework/Versions/A/Frameworks/SpeechSynthesis.framework/Versions/A/SpeechSynthesis
0x0000000007f1a000 	/System/Library/Frameworks/CoreDisplay.framework/Versions/A/CoreDisplay
0x0000000007f1a000 	/System/Library/Frameworks/Accelerate.framework/Versions/A/Frameworks/vImage.framework/Versions/A/vImage
0x0000000007f1a000 	/System/Library/Frameworks/Accelerate.framework/Versions/A/Frameworks/vecLib.framework/Versions/A/vecLib
0x0000000007f1a000 	/System/Library/Frameworks/Accelerate.framework/Versions/A/Frameworks/vecLib.framework/Versions/A/libvDSP.dylib
0x0000000007f1a000 	/System/Library/Frameworks/Accelerate.framework/Versions/A/Frameworks/vecLib.framework/Versions/A/libBNNS.dylib
0x0000000007f1a000 	/System/Library/Frameworks/Accelerate.framework/Versions/A/Frameworks/vecLib.framework/Versions/A/libQuadrature.dylib
0x0000000007f1a000 	/System/Library/Frameworks/Accelerate.framework/Versions/A/Frameworks/vecLib.framework/Versions/A/libvMisc.dylib
0x0000000007f1a000 	/System/Library/Frameworks/Accelerate.framework/Versions/A/Frameworks/vecLib.framework/Versions/A/libLAPACK.dylib
0x0000000007f1a000 	/System/Library/Frameworks/Accelerate.framework/Versions/A/Frameworks/vecLib.framework/Versions/A/libBLAS.dylib
0x0000000007f1a000 	/System/Library/Frameworks/Accelerate.framework/Versions/A/Frameworks/vecLib.framework/Versions/A/libLinearAlgebra.dylib
0x0000000007f1a000 	/System/Library/Frameworks/Accelerate.framework/Versions/A/Frameworks/vecLib.framework/Versions/A/libSparse.dylib
0x0000000007f1a000 	/System/Library/Frameworks/Accelerate.framework/Versions/A/Frameworks/vecLib.framework/Versions/A/libSparseBLAS.dylib
0x0000000007f1a000 	/System/Library/PrivateFrameworks/IOAccelerator.framework/Versions/A/IOAccelerator
0x0000000007f1a000 	/System/Library/PrivateFrameworks/IOPresentment.framework/Versions/A/IOPresentment
0x0000000007f1a000 	/System/Library/PrivateFrameworks/DSExternalDisplay.framework/Versions/A/DSExternalDisplay
0x0000000007f1a000 	/System/Library/Frameworks/OpenGL.framework/Versions/A/Libraries/libCoreFSCache.dylib
0x0000000007f1a000 	/System/Library/Frameworks/CoreVideo.framework/Versions/A/CoreVideo
0x0000000007f1a000 	/System/Library/PrivateFrameworks/GraphVisualizer.framework/Versions/A/GraphVisualizer
0x0000000007f1a000 	/System/Library/Frameworks/MetalPerformanceShaders.framework/Versions/A/MetalPerformanceShaders
0x0000000007f1a000 	/usr/lib/libFosl_dynamic.dylib
0x0000000007f1a000 	/System/Library/PrivateFrameworks/FaceCore.framework/Versions/A/FaceCore
0x0000000007f1a000 	/System/Library/Frameworks/OpenCL.framework/Versions/A/OpenCL
0x0000000007f1a000 	/usr/lib/libcompression.dylib
0x0000000007f1a000 	/System/Library/Frameworks/ApplicationServices.framework/Versions/A/Frameworks/ATS.framework/Versions/A/Resources/libFontParser.dylib
0x0000000007f1a000 	/System/Library/Frameworks/ApplicationServices.framework/Versions/A/Frameworks/ATS.framework/Versions/A/Resources/libFontRegistry.dylib
0x0000000007f1a000 	/System/Library/Frameworks/ImageIO.framework/Versions/A/Resources/libJPEG.dylib
0x0000000007f1a000 	/System/Library/Frameworks/ImageIO.framework/Versions/A/Resources/libTIFF.dylib
0x0000000007f1a000 	/System/Library/Frameworks/ImageIO.framework/Versions/A/Resources/libPng.dylib
0x0000000007f1a000 	/System/Library/Frameworks/ImageIO.framework/Versions/A/Resources/libGIF.dylib
0x0000000007f1a000 	/System/Library/Frameworks/ImageIO.framework/Versions/A/Resources/libJP2.dylib
0x0000000007f1a000 	/System/Library/Frameworks/ImageIO.framework/Versions/A/Resources/libRadiance.dylib
0x0000000007f1a000 	/System/Library/PrivateFrameworks/AppleJPEG.framework/Versions/A/AppleJPEG
0x0000000007f1a000 	/System/Library/PrivateFrameworks/MetalTools.framework/Versions/A/MetalTools
0x0000000007f1a000 	/System/Library/Frameworks/MetalPerformanceShaders.framework/Frameworks/MPSCore.framework/Versions/A/MPSCore
0x0000000007f1a000 	/System/Library/Frameworks/MetalPerformanceShaders.framework/Frameworks/MPSImage.framework/Versions/A/MPSImage
0x0000000007f1a000 	/System/Library/Frameworks/MetalPerformanceShaders.framework/Frameworks/MPSMatrix.framework/Versions/A/MPSMatrix
0x0000000007f1a000 	/System/Library/Frameworks/MetalPerformanceShaders.framework/Frameworks/MPSNeuralNetwork.framework/Versions/A/MPSNeuralNetwork
0x0000000007f1a000 	/System/Library/Frameworks/OpenGL.framework/Versions/A/Libraries/libGLU.dylib
0x0000000007f1a000 	/System/Library/Frameworks/OpenGL.framework/Versions/A/Libraries/libGFXShared.dylib
0x0000000007f1a000 	/System/Library/Frameworks/OpenGL.framework/Versions/A/Libraries/libGL.dylib
0x0000000007f1a000 	/System/Library/Frameworks/OpenGL.framework/Versions/A/Libraries/libGLImage.dylib
0x0000000007f1a000 	/System/Library/Frameworks/OpenGL.framework/Versions/A/Libraries/libCVMSPluginSupport.dylib
0x0000000007f1a000 	/System/Library/Frameworks/OpenGL.framework/Versions/A/Libraries/libCoreVMClient.dylib
0x0000000007f1a000 	/usr/lib/libcups.2.dylib
0x0000000007f1a000 	/System/Library/Frameworks/Kerberos.framework/Versions/A/Kerberos
0x0000000007f1a000 	/System/Library/Frameworks/GSS.framework/Versions/A/GSS
0x0000000007f1a000 	/usr/lib/libresolv.9.dylib
0x0000000007f1a000 	/usr/lib/libiconv.2.dylib
0x0000000007f1a000 	/System/Library/PrivateFrameworks/Heimdal.framework/Versions/A/Heimdal
0x0000000007f1a000 	/usr/lib/libheimdal-asn1.dylib
0x0000000007f1a000 	/System/Library/Frameworks/OpenDirectory.framework/Versions/A/OpenDirectory
0x0000000007f1a000 	/System/Library/PrivateFrameworks/CommonAuth.framework/Versions/A/CommonAuth
0x0000000007f1a000 	/System/Library/Frameworks/OpenDirectory.framework/Versions/A/Frameworks/CFOpenDirectory.framework/Versions/A/CFOpenDirectory
0x0000000007f1a000 	/System/Library/Frameworks/SecurityFoundation.framework/Versions/A/SecurityFoundation
0x0000000007f1a000 	/System/Library/PrivateFrameworks/APFS.framework/Versions/A/APFS
0x0000000007f1a000 	/usr/lib/libutil.dylib
0x0000000007f1a000 	/System/Library/PrivateFrameworks/AppleSauce.framework/Versions/A/AppleSauce
0x0000000007f1a000 	/System/Library/PrivateFrameworks/LinguisticData.framework/Versions/A/LinguisticData
0x0000000007f1a000 	/usr/lib/libmarisa.dylib
0x0000000007f1a000 	/System/Library/PrivateFrameworks/Lexicon.framework/Versions/A/Lexicon
0x0000000007f1a000 	/usr/lib/libChineseTokenizer.dylib
0x0000000007f1a000 	/usr/lib/libcmph.dylib
0x0000000007f1a000 	/System/Library/PrivateFrameworks/LanguageModeling.framework/Versions/A/LanguageModeling
0x0000000007f1a000 	/System/Library/PrivateFrameworks/CoreEmoji.framework/Versions/A/CoreEmoji
0x0000000007f1a000 	/System/Library/Frameworks/ServiceManagement.framework/Versions/A/ServiceManagement
0x0000000007f1a000 	/System/Library/PrivateFrameworks/BackgroundTaskManagement.framework/Versions/A/BackgroundTaskManagement
0x0000000007f1a000 	/usr/lib/libxslt.1.dylib
0x0000000007f1a000 	/System/Library/Frameworks/Carbon.framework/Versions/A/Frameworks/Ink.framework/Versions/A/Ink
0x0000000007f1a000 	/System/Library/PrivateFrameworks/TextureIO.framework/Versions/A/TextureIO
0x0000000007f1a000 	/usr/lib/libate.dylib
0x0000000007f1a000 	/System/Library/PrivateFrameworks/CrashReporterSupport.framework/Versions/A/CrashReporterSupport
0x0000000007f1a000 	/System/Library/PrivateFrameworks/Sharing.framework/Versions/A/Sharing
0x0000000007f1a000 	/System/Library/PrivateFrameworks/IconServices.framework/Versions/A/IconServices
0x0000000007f1a000 	/System/Library/PrivateFrameworks/ProtocolBuffer.framework/Versions/A/ProtocolBuffer
0x0000000007f1a000 	/System/Library/PrivateFrameworks/Apple80211.framework/Versions/A/Apple80211
0x0000000007f1a000 	/System/Library/Frameworks/CoreWLAN.framework/Versions/A/CoreWLAN
0x0000000007f1a000 	/System/Library/PrivateFrameworks/CoreUtils.framework/Versions/A/CoreUtils
0x0000000007f1a000 	/System/Library/Frameworks/IOBluetooth.framework/Versions/A/IOBluetooth
0x0000000007f1a000 	/System/Library/PrivateFrameworks/CoreWiFi.framework/Versions/A/CoreWiFi
0x0000000007f1a000 	/System/Library/Frameworks/CoreBluetooth.framework/Versions/A/CoreBluetooth
0x0000000007f1a000 	/System/Library/PrivateFrameworks/SignpostNotification.framework/Versions/A/SignpostNotification
0x0000000007f1a000 	/System/Library/PrivateFrameworks/DebugSymbols.framework/Versions/A/DebugSymbols
0x0000000007f1a000 	/System/Library/PrivateFrameworks/CoreSymbolication.framework/Versions/A/CoreSymbolication
0x0000000007f1a000 	/System/Library/PrivateFrameworks/Symbolication.framework/Versions/A/Symbolication
0x0000000007f1a000 	/System/Library/PrivateFrameworks/AppleFSCompression.framework/Versions/A/AppleFSCompression
0x0000000007f1a000 	/System/Library/PrivateFrameworks/SpeechRecognitionCore.framework/Versions/A/SpeechRecognitionCore
0x0000000105400000 	/Library/Java/JavaVirtualMachines/jdk1.8.0_131.jdk/Contents/Home/jre/lib/server/libjvm.dylib
0x0000000007f1a000 	/usr/lib/libstdc++.6.0.9.dylib
0x00000001043c1000 	/Library/Java/JavaVirtualMachines/jdk1.8.0_131.jdk/Contents/Home/jre/lib/libverify.dylib
0x00000001063a3000 	/Library/Java/JavaVirtualMachines/jdk1.8.0_131.jdk/Contents/Home/jre/lib/libjava.dylib
0x00000001043d9000 	/Library/Java/JavaVirtualMachines/jdk1.8.0_131.jdk/Contents/Home/jre/lib/libzip.dylib
0x0000000007f1a000 	/System/Library/Frameworks/JavaVM.framework/Versions/A/Frameworks/JavaRuntimeSupport.framework/Versions/A/JavaRuntimeSupport
0x0000000007f1a000 	/System/Library/Frameworks/JavaVM.framework/Versions/A/Frameworks/JavaNativeFoundation.framework/Versions/A/JavaNativeFoundation
0x0000000007f1a000 	/System/Library/Frameworks/JavaVM.framework/Versions/A/JavaVM
0x0000000007f1a000 	/System/Library/Frameworks/Carbon.framework/Versions/A/Carbon
0x0000000007f1a000 	/System/Library/PrivateFrameworks/JavaLaunching.framework/Versions/A/JavaLaunching
0x0000000007f1a000 	/System/Library/Frameworks/Carbon.framework/Versions/A/Frameworks/CommonPanels.framework/Versions/A/CommonPanels
0x0000000007f1a000 	/System/Library/Frameworks/Carbon.framework/Versions/A/Frameworks/Help.framework/Versions/A/Help
0x0000000007f1a000 	/System/Library/Frameworks/Carbon.framework/Versions/A/Frameworks/ImageCapture.framework/Versions/A/ImageCapture
0x0000000007f1a000 	/System/Library/Frameworks/Carbon.framework/Versions/A/Frameworks/OpenScripting.framework/Versions/A/OpenScripting
0x0000000007f1a000 	/System/Library/Frameworks/Carbon.framework/Versions/A/Frameworks/Print.framework/Versions/A/Print
0x0000000007f1a000 	/System/Library/Frameworks/Carbon.framework/Versions/A/Frameworks/SecurityHI.framework/Versions/A/SecurityHI
0x00000001124e6000 	/Users/jakob/.swt/lib/macosx/x86_64/libswt-cocoa-4629.jnilib
0x0000000007f1a000 	/System/Library/Frameworks/WebKit.framework/Versions/A/WebKit
0x0000000007f1a000 	/System/Library/Frameworks/JavaScriptCore.framework/Versions/A/JavaScriptCore
0x0000000007f1a000 	/System/Library/Frameworks/SecurityInterface.framework/Versions/A/SecurityInterface
0x0000000007f1a000 	/System/Library/Frameworks/WebKit.framework/Versions/A/Frameworks/WebKitLegacy.framework/Versions/A/WebKitLegacy
0x0000000007f1a000 	/System/Library/Frameworks/WebKit.framework/Versions/A/Frameworks/WebCore.framework/Versions/A/WebCore
0x0000000007f1a000 	/System/Library/Frameworks/WebKit.framework/Versions/A/Frameworks/WebCore.framework/Versions/A/Frameworks/libwebrtc.dylib
0x0000000007f1a000 	/System/Library/PrivateFrameworks/CorePrediction.framework/Versions/A/CorePrediction
0x0000000007f1a000 	/System/Library/Frameworks/VideoToolbox.framework/Versions/A/VideoToolbox
0x0000000007f1a000 	/System/Library/Frameworks/CoreMedia.framework/Versions/A/CoreMedia
0x0000000007f1a000 	/System/Library/PrivateFrameworks/AppleVA.framework/Versions/A/AppleVA
0x0000000007f1a000 	/usr/lib/libspindump.dylib
0x0000000007f1a000 	/usr/lib/libdscsym.dylib
0x0000000007f1a000 	/System/Library/Frameworks/AVFoundation.framework/Versions/A/AVFoundation
0x0000000007f1a000 	/System/Library/Frameworks/AVFoundation.framework/Versions/A/Frameworks/AVFAudio.framework/Versions/A/AVFAudio
0x0000000007f1a000 	/System/Library/Frameworks/MediaToolbox.framework/Versions/A/MediaToolbox
0x0000000007f1a000 	/System/Library/PrivateFrameworks/IntlPreferences.framework/Versions/A/IntlPreferences
0x0000000007f1a000 	/System/Library/Frameworks/CoreMediaIO.framework/Versions/A/CoreMediaIO
0x0000000007f1a000 	/System/Library/PrivateFrameworks/RemoteServiceDiscovery.framework/Versions/A/RemoteServiceDiscovery
0x0000000007f1a000 	/System/Library/PrivateFrameworks/RemoteXPC.framework/Versions/A/RemoteXPC
0x0000000007f1a000 	/System/Library/PrivateFrameworks/MultiverseSupport.framework/Versions/A/MultiverseSupport
0x0000000007f1a000 	/System/Library/PrivateFrameworks/CoreAVCHD.framework/Versions/A/CoreAVCHD
0x0000000007f1a000 	/System/Library/Frameworks/MediaAccessibility.framework/Versions/A/MediaAccessibility
0x0000000007f1a000 	/System/Library/PrivateFrameworks/Mangrove.framework/Versions/A/Mangrove
0x0000000007f1a000 	/System/Library/PrivateFrameworks/CoreAUC.framework/Versions/A/CoreAUC
0x0000000007f1a000 	/System/Library/PrivateFrameworks/InternationalSupport.framework/Versions/A/InternationalSupport
0x0000000007f1a000 	/System/Library/PrivateFrameworks/CoreOptimization.framework/Versions/A/CoreOptimization
0x0000000112567000 	/Users/jakob/.swt/lib/macosx/x86_64/libswt-pi-cocoa-4629.jnilib
0x0000000007f1a000 	/System/Library/PrivateFrameworks/CoreServicesInternal.framework/Versions/A/CoreServicesInternal
0x0000000007f1a000 	/System/Library/Frameworks/ApplicationServices.framework/Versions/A/Frameworks/ATS.framework/Versions/A/Resources/libTrueTypeScaler.dylib
0x0000000007f1a000 	/System/Library/Frameworks/Accelerate.framework/Versions/A/Frameworks/vImage.framework/Versions/A/Libraries/libCGInterfaces.dylib
0x0000000112b1f000 	/Library/Java/JavaVirtualMachines/jdk1.8.0_131.jdk/Contents/Home/jre/lib/libnio.dylib
0x0000000112b2f000 	/Library/Java/JavaVirtualMachines/jdk1.8.0_131.jdk/Contents/Home/jre/lib/./libnet.dylib
0x0000000007f1a000 	/System/Library/PrivateFrameworks/CoreNLP.framework/Versions/A/CoreNLP
0x0000000007f1a000 	/usr/lib/libmecab.1.0.0.dylib
0x0000000007f1a000 	/usr/lib/libgermantok.dylib
0x0000000007f1a000 	/usr/lib/libThaiTokenizer.dylib
0x0000000007f1a000 	/System/Library/PrivateFrameworks/FamilyControls.framework/Versions/A/FamilyControls
0x0000000007f1a000 	/System/Library/PrivateFrameworks/CommerceKit.framework/Versions/A/Frameworks/CommerceCore.framework/Versions/A/CommerceCore
0x0000000007f1a000 	/System/Library/PrivateFrameworks/SystemAdministration.framework/Versions/A/SystemAdministration
0x0000000007f1a000 	/System/Library/PrivateFrameworks/AppContainer.framework/Versions/A/AppContainer
0x0000000007f1a000 	/System/Library/PrivateFrameworks/SecCodeWrapper.framework/Versions/A/SecCodeWrapper
0x0000000007f1a000 	/System/Library/PrivateFrameworks/DiskManagement.framework/Versions/A/DiskManagement
0x0000000007f1a000 	/System/Library/Frameworks/DirectoryService.framework/Versions/A/DirectoryService
0x0000000007f1a000 	/System/Library/PrivateFrameworks/DiskImages.framework/Versions/A/DiskImages
0x0000000007f1a000 	/System/Library/PrivateFrameworks/LoginUIKit.framework/Versions/A/Frameworks/LoginUICore.framework/Versions/A/LoginUICore
0x0000000007f1a000 	/usr/lib/libCoreStorage.dylib
0x0000000007f1a000 	/usr/lib/libcsfde.dylib
0x0000000007f1a000 	/usr/lib/libodfde.dylib
0x0000000007f1a000 	/System/Library/PrivateFrameworks/MediaKit.framework/Versions/A/MediaKit
0x0000000007f1a000 	/System/Library/Frameworks/DiscRecording.framework/Versions/A/DiscRecording
0x0000000007f1a000 	/System/Library/PrivateFrameworks/EFILogin.framework/Versions/A/EFILogin
0x0000000007f1a000 	/System/Library/PrivateFrameworks/ProtectedCloudStorage.framework/Versions/A/ProtectedCloudStorage
0x0000000007f1a000 	/usr/lib/libcurl.4.dylib
0x0000000007f1a000 	/usr/lib/libcrypto.35.dylib
0x0000000007f1a000 	/usr/lib/libssl.35.dylib
0x0000000007f1a000 	/System/Library/Frameworks/LDAP.framework/Versions/A/LDAP
0x0000000007f1a000 	/System/Library/PrivateFrameworks/TrustEvaluationAgent.framework/Versions/A/TrustEvaluationAgent
0x0000000007f1a000 	/usr/lib/libsasl2.2.dylib
0x0000000007f1a000 	/System/Library/PrivateFrameworks/CoreDaemon.framework/Versions/B/CoreDaemon
0x0000000007f1a000 	/System/Library/PrivateFrameworks/AppleSRP.framework/Versions/A/AppleSRP
0x0000000007f1a000 	/System/Library/Frameworks/OpenGL.framework/Versions/A/Resources/GLEngine.bundle/GLEngine
0x0000000007f1a000 	/System/Library/Frameworks/OpenGL.framework/Versions/A/Libraries/libGLProgrammability.dylib
0x0000000127035000 	/System/Library/Extensions/AppleIntelHD4000GraphicsGLDriver.bundle/Contents/MacOS/AppleIntelHD4000GraphicsGLDriver
0x0000000007f1a000 	/System/Library/PrivateFrameworks/GPUSupport.framework/Versions/A/Libraries/libGPUSupportMercury.dylib
0x0000000007f1a000 	/System/Library/Extensions/GeForceGLDriver.bundle/Contents/MacOS/GeForceGLDriver
0x0000000007f1a000 	/System/Library/Extensions/GeForceGLDriver.bundle/Contents/MacOS/libclh.dylib
0x0000000007f1a000 	/System/Library/Frameworks/OpenGL.framework/Versions/A/Resources/GLRendererFloat.bundle/GLRendererFloat
0x0000000007f1a000 	/System/Library/Frameworks/OpenCL.framework/Versions/A/Libraries/libcldcpuengine.dylib
0x0000000007f1a000 	/System/Library/Extensions/AppleIntelHD4000GraphicsMTLDriver.bundle/Contents/MacOS/AppleIntelHD4000GraphicsMTLDriver
0x0000000007f1a000 	/System/Library/Extensions/GeForceMTLDriver.bundle/Contents/MacOS/GeForceMTLDriver
0x0000000007f1a000 	/System/Library/PrivateFrameworks/GPUCompiler.framework/Versions/3802/Libraries/libmetal_timestamp.dylib
0x0000000007f1a000 	/System/Library/PrivateFrameworks/ViewBridge.framework/Versions/A/ViewBridge
0x0000000007f1a000 	/System/Library/CoreServices/RawCamera.bundle/Contents/MacOS/RawCamera
0x0000000007f1a000 	/System/Library/PrivateFrameworks/MobileAsset.framework/Versions/A/MobileAsset
0x0000000007f1a000 	/System/Library/PrivateFrameworks/StreamingZip.framework/Versions/A/StreamingZip
0x0000000007f1a000 	/System/Library/PrivateFrameworks/FinderKit.framework/Versions/A/FinderKit
0x0000000007f1a000 	/System/Library/Frameworks/Quartz.framework/Versions/A/Frameworks/QuickLookUI.framework/Versions/A/QuickLookUI
0x0000000007f1a000 	/System/Library/Frameworks/Quartz.framework/Versions/A/Frameworks/ImageKit.framework/Versions/A/ImageKit
0x0000000007f1a000 	/System/Library/Frameworks/QuickLook.framework/Versions/A/QuickLook
0x0000000007f1a000 	/System/Library/PrivateFrameworks/AppleSystemInfo.framework/Versions/A/AppleSystemInfo
0x0000000007f1a000 	/System/Library/Frameworks/ImageCaptureCore.framework/Versions/A/ImageCaptureCore
0x0000000007f1a000 	/System/Library/PrivateFrameworks/Suggestions.framework/Versions/A/Suggestions
0x0000000007f1a000 	/System/Library/Frameworks/SafariServices.framework/Versions/A/SafariServices
0x0000000007f1a000 	/System/Library/Frameworks/QTKit.framework/Versions/A/QTKit
0x0000000007f1a000 	/System/Library/PrivateFrameworks/MobileKeyBag.framework/Versions/A/MobileKeyBag
0x0000000007f1a000 	/System/Library/PrivateFrameworks/CoreMediaAuthoring.framework/Versions/A/CoreMediaAuthoring
0x0000000007f1a000 	/System/Library/PrivateFrameworks/QuickLookThumbnailing.framework/Versions/A/QuickLookThumbnailing
0x0000000007f1a000 	/System/Library/PrivateFrameworks/GenerationalStorage.framework/Versions/A/GenerationalStorage
0x0000000007f1a000 	/System/Library/PrivateFrameworks/ChunkingLibrary.framework/Versions/A/ChunkingLibrary
0x0000000007f1a000 	/System/Library/PrivateFrameworks/DisplayServices.framework/Versions/A/DisplayServices
0x0000000007f1a000 	/System/Library/Frameworks/Quartz.framework/Versions/A/Frameworks/PDFKit.framework/Versions/A/PDFKit
0x0000000007f1a000 	/System/Library/Frameworks/Quartz.framework/Versions/A/Frameworks/QuartzComposer.framework/Versions/A/QuartzComposer
0x0000000007f1a000 	/System/Library/Frameworks/Quartz.framework/Versions/A/Frameworks/QuartzFilters.framework/Versions/A/QuartzFilters
0x0000000007f1a000 	/System/Library/PrivateFrameworks/CorePDF.framework/Versions/A/CorePDF
0x0000000007f1a000 	/System/Library/Frameworks/AddressBook.framework/Versions/A/AddressBook
0x0000000007f1a000 	/System/Library/PrivateFrameworks/ContactsPersistence.framework/Versions/A/ContactsPersistence
0x0000000007f1a000 	/System/Library/PrivateFrameworks/ApplePushService.framework/Versions/A/ApplePushService
0x0000000007f1a000 	/System/Library/PrivateFrameworks/CalendarAgentLink.framework/Versions/A/CalendarAgentLink
0x0000000007f1a000 	/System/Library/PrivateFrameworks/ContactsFoundation.framework/Versions/A/ContactsFoundation
0x0000000007f1a000 	/System/Library/PrivateFrameworks/CorePhoneNumbers.framework/Versions/A/CorePhoneNumbers
0x0000000007f1a000 	/System/Library/Frameworks/Quartz.framework/Versions/A/Quartz
0x0000000007f1a000 	/System/Library/PrivateFrameworks/ToneKit.framework/Versions/A/ToneKit
0x0000000007f1a000 	/System/Library/PrivateFrameworks/ToneLibrary.framework/Versions/A/ToneLibrary
0x0000000007f1a000 	/System/Library/PrivateFrameworks/vCard.framework/Versions/A/vCard
0x0000000007f1a000 	/System/Library/Frameworks/Accounts.framework/Versions/A/Accounts
0x0000000007f1a000 	/System/Library/PrivateFrameworks/PhoneNumbers.framework/Versions/A/PhoneNumbers
0x0000000007f1a000 	/System/Library/PrivateFrameworks/CommonUtilities.framework/Versions/A/CommonUtilities
0x0000000007f1a000 	/System/Library/PrivateFrameworks/CloudDocs.framework/Versions/A/CloudDocs
0x0000000007f1a000 	/System/Library/PrivateFrameworks/FileProvider.framework/Versions/A/FileProvider
0x0000000007f1a000 	/System/Library/PrivateFrameworks/SpotlightIndex.framework/Versions/A/SpotlightIndex
0x0000000007f1a000 	/System/Library/PrivateFrameworks/SymptomDiagnosticReporter.framework/Versions/A/SymptomDiagnosticReporter
0x0000000007f1a000 	/System/Library/Frameworks/CoreSpotlight.framework/Versions/A/CoreSpotlight
0x0000000007f1a000 	/System/Library/PrivateFrameworks/PlugInKit.framework/Versions/A/PlugInKit
0x0000000007f1a000 	/System/Library/PrivateFrameworks/SharePointManagement.framework/Versions/A/SharePointManagement

VM Arguments:
jvm_args: -Djava.library.path=/Users/jakob/Dropbox/MultiRegionExporterForCubase/v_1_0_0_2/Source/Standalone-Mac-Worksplace/org.eclipse.swt -Dfile.encoding=UTF-8 
java_command: dk.jakobhandersen.multiregionexporterforcubase.MultiRegionExporterForCubase
java_class_path (initial): /Users/jakob/Dropbox/MultiRegionExporterForCubase/v_1_0_0_2/Source/Standalone-Mac-Worksplace/Multi-region Exporter for Cubase/bin:/Users/jakob/Dropbox/MultiRegionExporterForCubase/v_1_0_0_2/Source/Standalone-Mac-Worksplace/org.eclipse.swt:/Users/jakob/Dropbox/MultiRegionExporterForCubase/v_1_0_0_2/Source/Standalone-Mac-Worksplace/org.eclipse.swt/swt.jar:/Users/jakob/Dropbox/MultiRegionExporterForCubase/v_1_0_0_2/Source/Standalone-assets/Assets.zip
Launcher Type: SUN_STANDARD

Environment Variables:
PATH=/usr/bin:/bin:/usr/sbin:/sbin
SHELL=/bin/bash

Signal Handlers:
SIGSEGV: [libjvm.dylib+0x5b1eb1], sa_mask[0]=11111111011111110111111111111111, sa_flags=SA_ONSTACK|SA_RESTART|SA_SIGINFO
SIGBUS: [libjvm.dylib+0x5b1eb1], sa_mask[0]=11111111011111110111111111111111, sa_flags=SA_RESTART|SA_SIGINFO
SIGFPE: [libjvm.dylib+0x488988], sa_mask[0]=11111111011111110111111111111111, sa_flags=SA_RESTART|SA_SIGINFO
SIGPIPE: [libjvm.dylib+0x488988], sa_mask[0]=11111111011111110111111111111111, sa_flags=SA_RESTART|SA_SIGINFO
SIGXFSZ: [libjvm.dylib+0x488988], sa_mask[0]=11111111011111110111111111111111, sa_flags=SA_RESTART|SA_SIGINFO
SIGILL: [libjvm.dylib+0x488988], sa_mask[0]=11111111011111110111111111111111, sa_flags=SA_RESTART|SA_SIGINFO
SIGUSR1: SIG_DFL, sa_mask[0]=00000000000000000000000000000000, sa_flags=none
SIGUSR2: [libjvm.dylib+0x4884a6], sa_mask[0]=00100000000000000000000000000000, sa_flags=SA_RESTART|SA_SIGINFO
SIGHUP: [libjvm.dylib+0x486a7d], sa_mask[0]=11111111011111110111111111111111, sa_flags=SA_RESTART|SA_SIGINFO
SIGINT: [libjvm.dylib+0x486a7d], sa_mask[0]=11111111011111110111111111111111, sa_flags=SA_RESTART|SA_SIGINFO
SIGTERM: [libjvm.dylib+0x486a7d], sa_mask[0]=11111111011111110111111111111111, sa_flags=SA_RESTART|SA_SIGINFO
SIGQUIT: [libjvm.dylib+0x486a7d], sa_mask[0]=11111111011111110111111111111111, sa_flags=SA_RESTART|SA_SIGINFO


---------------  S Y S T E M  ---------------

OS:Bsduname:Darwin 17.0.0 Darwin Kernel Version 17.0.0: Thu Aug 24 21:48:19 PDT 2017; root:xnu-4570.1.46~2/RELEASE_X86_64 x86_64
rlimit: STACK 8192k, CORE 0k, NPROC 1418, NOFILE 10240, AS infinity
load average:2.03 2.00 1.92

CPU:total 8 (initial active 8) (4 cores per cpu, 2 threads per core) family 6 model 58 stepping 9, cmov, cx8, fxsr, mmx, sse, sse2, sse3, ssse3, sse4.1, sse4.2, popcnt, avx, aes, clmul, erms, ht, tsc, tscinvbit, tscinv

Memory: 4k page, physical 16777216k(390752k free)

/proc/meminfo:


vm_info: Java HotSpot(TM) 64-Bit Server VM (25.131-b11) for bsd-amd64 JRE (1.8.0_131-b11), built on Mar 15 2017 01:32:22 by "java_re" with gcc 4.2.1 (Based on Apple Inc. build 5658) (LLVM build 2336.11.00)

time: Fri Oct  6 00:38:32 2017
elapsed time: 64 seconds (0d 0h 1m 4s)

